Building DAG of jobs...
Using shell: /bin/bash
Provided cores: 1
Rules claiming more threads will be scaled down.
Job counts:
	count	jobs
	1	buy_tomato
	1	wash_tomato
	2

rule buy_tomato:
    output: dohoon.dirty_tomato
    jobid: 1
    wildcards: name=dohoon

Finished job 1.
1 of 2 steps (50%) done

rule wash_tomato:
    input: dohoon.dirty_tomato
    output: dohoon.tomato
    jobid: 0
    wildcards: name=dohoon

Finished job 0.
2 of 2 steps (100%) done
Complete log: /mnt/c/Users/lee/Desktop/snakemake-hamburger/.snakemake/log/2018-06-10T181432.516635.snakemake.log
