Building DAG of jobs...
Using shell: /bin/bash
Provided cores: 1
Rules claiming more threads will be scaled down.
Job counts:
	count	jobs
	1	buy_beef
	1	buy_bun
	1	buy_cheese
	1	buy_cucumber
	1	buy_lettuce
	1	buy_onion
	1	buy_tomato
	1	buy_vinegar
	1	make_hamburger
	1	make_patty
	1	make_vinegar
	1	warm_bun
	1	wash_lettuce
	1	wash_onion
	1	wash_tomato
	15

rule buy_lettuce:
    output: dohoon.dirty_lettuce
    jobid: 12
    wildcards: name=dohoon

/home/lee/.env/lab/bin/python3.5 /mnt/c/Users/lee/Desktop/snakemake-hamburger/lettuce/buy/.snakemake.6ec951ps.wrapper.py
Finished job 12.
1 of 15 steps (7%) done

rule wash_lettuce:
    input: dohoon.dirty_lettuce
    output: dohoon.lettuce
    jobid: 5
    wildcards: name=dohoon

/home/lee/.env/lab/bin/python3.5 /mnt/c/Users/lee/Desktop/snakemake-hamburger/lettuce/wash/.snakemake.qdda4tx2.wrapper.py
Finished job 5.
2 of 15 steps (13%) done

rule buy_bun:
    output: dohoon.cold_bun
    jobid: 13
    wildcards: name=dohoon

/home/lee/.env/lab/bin/python3.5 /mnt/c/Users/lee/Desktop/snakemake-hamburger/bun/buy/.snakemake.x81juug9.wrapper.py
Finished job 13.
3 of 15 steps (20%) done

rule warm_bun:
    input: dohoon.cold_bun
    output: dohoon.warm_bun
    jobid: 6
    wildcards: name=dohoon

/home/lee/.env/lab/bin/python3.5 /mnt/c/Users/lee/Desktop/snakemake-hamburger/bun/warm/.snakemake.nn8tv_l_.wrapper.py
Finished job 6.
4 of 15 steps (27%) done

rule buy_cheese:
    output: dohoon.cheese
    jobid: 4
    wildcards: name=dohoon

/home/lee/.env/lab/bin/python3.5 /mnt/c/Users/lee/Desktop/snakemake-hamburger/cheese/buy/.snakemake.h1oc0wlz.wrapper.py
Finished job 4.
5 of 15 steps (33%) done

rule buy_tomato:
    output: dohoon.dirty_tomato
    jobid: 8
    wildcards: name=dohoon

/home/lee/.env/lab/bin/python3.5 /mnt/c/Users/lee/Desktop/snakemake-hamburger/tomato/buy/.snakemake.gkkwra9p.wrapper.py
Finished job 8.
6 of 15 steps (40%) done

rule wash_tomato:
    input: dohoon.dirty_tomato
    output: dohoon.tomato
    jobid: 1
    wildcards: name=dohoon

/home/lee/.env/lab/bin/python3.5 /mnt/c/Users/lee/Desktop/snakemake-hamburger/tomato/wash/.snakemake.f_m4yywe.wrapper.py
Finished job 1.
7 of 15 steps (47%) done

rule buy_vinegar:
    output: dohoon.vinegar
    jobid: 11
    wildcards: name=dohoon

/home/lee/.env/lab/bin/python3.5 /mnt/c/Users/lee/Desktop/snakemake-hamburger/vinegar/buy/.snakemake.7p37co4x.wrapper.py
Finished job 11.
8 of 15 steps (53%) done

rule buy_onion:
    output: dohoon.dirty_onion
    jobid: 9
    wildcards: name=dohoon

/home/lee/.env/lab/bin/python3.5 /mnt/c/Users/lee/Desktop/snakemake-hamburger/onion/buy/.snakemake.nlxnp2bp.wrapper.py
Finished job 9.
9 of 15 steps (60%) done

rule wash_onion:
    input: dohoon.dirty_onion
    output: dohoon.onion
    jobid: 2
    wildcards: name=dohoon

/home/lee/.env/lab/bin/python3.5 /mnt/c/Users/lee/Desktop/snakemake-hamburger/onion/wash/.snakemake.btg3pc2y.wrapper.py
Finished job 2.
10 of 15 steps (67%) done

rule buy_beef:
    output: dohoon.beef
    jobid: 14
    wildcards: name=dohoon

/home/lee/.env/lab/bin/python3.5 /mnt/c/Users/lee/Desktop/snakemake-hamburger/beef/buy/.snakemake.wgiev1ae.wrapper.py
Finished job 14.
11 of 15 steps (73%) done

rule make_patty:
    input: dohoon.beef
    output: dohoon.patty
    jobid: 7
    wildcards: name=dohoon

/home/lee/.env/lab/bin/python3.5 /mnt/c/Users/lee/Desktop/snakemake-hamburger/patty/make/.snakemake.ln0rn32k.wrapper.py
    Error in rule make_patty:
        jobid: 7
        output: dohoon.patty

RuleException:
CalledProcessError in line 122 of /mnt/c/Users/lee/Desktop/snakemake-hamburger/Snakefile:
Command ' set -euo pipefail;  /home/lee/.env/lab/bin/python3.5 /mnt/c/Users/lee/Desktop/snakemake-hamburger/patty/make/.snakemake.ln0rn32k.wrapper.py ' returned non-zero exit status 1
  File "/mnt/c/Users/lee/Desktop/snakemake-hamburger/Snakefile", line 122, in __rule_make_patty
  File "/usr/lib/python3.5/concurrent/futures/thread.py", line 55, in run
Shutting down, this might take some time.
Exiting because a job execution failed. Look above for error message
Complete log: /mnt/c/Users/lee/Desktop/snakemake-hamburger/.snakemake/log/2018-06-10T211944.081776.snakemake.log
