Building DAG of jobs...
Using shell: /bin/bash
Provided cores: 1
Rules claiming more threads will be scaled down.
Job counts:
	count	jobs
	1	buy_cucumber
	1	make_hamburger
	1	make_patty
	1	make_vinegar
	4

rule make_patty:
    input: dohoon.beef
    output: dohoon.patty
    jobid: 7
    wildcards: name=dohoon

/home/lee/.env/lab/bin/python3.5 /mnt/c/Users/lee/Desktop/snakemake-hamburger/patty/make/.snakemake.3sc4qngj.wrapper.py
Finished job 7.
1 of 4 steps (25%) done

rule buy_cucumber:
    output: dohoon.cucumber
    jobid: 12
    wildcards: name=dohoon

/home/lee/.env/lab/bin/python3.5 /mnt/c/Users/lee/Desktop/snakemake-hamburger/cucumber/buy/.snakemake.ya0oevld.wrapper.py
Finished job 12.
2 of 4 steps (50%) done

rule make_vinegar:
    input: dohoon.vinegar, dohoon.cucumber
    output: dohoon.pickle
    jobid: 6
    wildcards: name=dohoon

/home/lee/.env/lab/bin/python3.5 /mnt/c/Users/lee/Desktop/snakemake-hamburger/pickle/make/.snakemake.ajb8hawx.wrapper.py
Finished job 6.
3 of 4 steps (75%) done

rule make_hamburger:
    input: dohoon.lettuce, dohoon.warm_bun, dohoon.tomato, dohoon.cheese, dohoon.patty, dohoon.onion, dohoon.pickle
    output: dohoon.hamburger
    jobid: 0
    wildcards: name=dohoon

/home/lee/.env/lab/bin/python3.5 /mnt/c/Users/lee/Desktop/snakemake-hamburger/hamburger/make/.snakemake.6jdbtfdf.wrapper.py
    Error in rule make_hamburger:
        jobid: 0
        output: dohoon.hamburger

RuleException:
CalledProcessError in line 17 of /mnt/c/Users/lee/Desktop/snakemake-hamburger/Snakefile:
Command ' set -euo pipefail;  /home/lee/.env/lab/bin/python3.5 /mnt/c/Users/lee/Desktop/snakemake-hamburger/hamburger/make/.snakemake.6jdbtfdf.wrapper.py ' returned non-zero exit status 1
  File "/mnt/c/Users/lee/Desktop/snakemake-hamburger/Snakefile", line 17, in __rule_make_hamburger
  File "/usr/lib/python3.5/concurrent/futures/thread.py", line 55, in run
Shutting down, this might take some time.
Exiting because a job execution failed. Look above for error message
Complete log: /mnt/c/Users/lee/Desktop/snakemake-hamburger/.snakemake/log/2018-06-10T212024.136827.snakemake.log
