Building DAG of jobs...
Using shell: /bin/bash
Provided cores: 1
Rules claiming more threads will be scaled down.
Job counts:
	count	jobs
	1	buy_beef
	1	buy_bun
	1	buy_cheese
	1	buy_cucumber
	1	buy_lettuce
	1	buy_onion
	1	buy_tomato
	1	buy_vinegar
	1	make_hamburger
	1	make_patty
	1	make_vinegar
	1	roast_onion
	1	warm_bun
	1	wash_lettuce
	1	wash_onion
	1	wash_tomato
	16

rule buy_cucumber:
    output: dohoon.cucumber
    jobid: 9
    wildcards: name=dohoon

/home/lee/.env/lab/bin/python3.5 /mnt/c/Users/lee/Desktop/snakemake-hamburger/cucumber/buy/.snakemake.34rt928a.wrapper.py
Finished job 9.
1 of 16 steps (6%) done

rule buy_bun:
    output: dohoon.cold_bun
    jobid: 13
    wildcards: name=dohoon

/home/lee/.env/lab/bin/python3.5 /mnt/c/Users/lee/Desktop/snakemake-hamburger/bun/buy/.snakemake.nuj6k7jm.wrapper.py
Finished job 13.
2 of 16 steps (12%) done

rule warm_bun:
    input: dohoon.cold_bun
    output: dohoon.warm_bun
    jobid: 6
    wildcards: name=dohoon

/home/lee/.env/lab/bin/python3.5 /mnt/c/Users/lee/Desktop/snakemake-hamburger/bun/warm/.snakemake._yuolqjx.wrapper.py
Finished job 6.
3 of 16 steps (19%) done

rule buy_vinegar:
    output: dohoon.vinegar
    jobid: 8
    wildcards: name=dohoon

/home/lee/.env/lab/bin/python3.5 /mnt/c/Users/lee/Desktop/snakemake-hamburger/vinegar/buy/.snakemake.rdgqn_yn.wrapper.py
Finished job 8.
4 of 16 steps (25%) done

rule make_vinegar:
    input: dohoon.cucumber, dohoon.vinegar
    output: dohoon.pickle
    jobid: 1
    wildcards: name=dohoon

/home/lee/.env/lab/bin/python3.5 /mnt/c/Users/lee/Desktop/snakemake-hamburger/pickle/make/.snakemake.eixt64_n.wrapper.py
Finished job 1.
5 of 16 steps (31%) done

rule buy_beef:
    output: dohoon.beef
    jobid: 10
    wildcards: name=dohoon

/home/lee/.env/lab/bin/python3.5 /mnt/c/Users/lee/Desktop/snakemake-hamburger/beef/buy/.snakemake.g24ajtdt.wrapper.py
Finished job 10.
6 of 16 steps (38%) done

rule make_patty:
    input: dohoon.beef
    output: dohoon.patty
    jobid: 2
    wildcards: name=dohoon

/home/lee/.env/lab/bin/python3.5 /mnt/c/Users/lee/Desktop/snakemake-hamburger/patty/make/.snakemake.qxykn7or.wrapper.py
Finished job 2.
7 of 16 steps (44%) done

rule buy_lettuce:
    output: dohoon.dirty_lettuce
    jobid: 11
    wildcards: name=dohoon

/home/lee/.env/lab/bin/python3.5 /mnt/c/Users/lee/Desktop/snakemake-hamburger/lettuce/buy/.snakemake.7mq8euck.wrapper.py
Finished job 11.
8 of 16 steps (50%) done

rule wash_lettuce:
    input: dohoon.dirty_lettuce
    output: dohoon.lettuce
    jobid: 4
    wildcards: name=dohoon

/home/lee/.env/lab/bin/python3.5 /mnt/c/Users/lee/Desktop/snakemake-hamburger/lettuce/wash/.snakemake.b521pb0e.wrapper.py
Finished job 4.
9 of 16 steps (56%) done

rule buy_cheese:
    output: dohoon.cheese
    jobid: 3
    wildcards: name=dohoon

/home/lee/.env/lab/bin/python3.5 /mnt/c/Users/lee/Desktop/snakemake-hamburger/cheese/buy/.snakemake.d_y_wts6.wrapper.py
Finished job 3.
10 of 16 steps (62%) done

rule buy_tomato:
    output: dohoon.dirty_tomato
    jobid: 14
    wildcards: name=dohoon

/home/lee/.env/lab/bin/python3.5 /mnt/c/Users/lee/Desktop/snakemake-hamburger/tomato/buy/.snakemake.t0jqd09l.wrapper.py
Finished job 14.
11 of 16 steps (69%) done

rule wash_tomato:
    input: dohoon.dirty_tomato
    output: dohoon.tomato
    jobid: 7
    wildcards: name=dohoon

/home/lee/.env/lab/bin/python3.5 /mnt/c/Users/lee/Desktop/snakemake-hamburger/tomato/wash/.snakemake.0fdswj9r.wrapper.py
Finished job 7.
12 of 16 steps (75%) done

rule buy_onion:
    output: dohoon.dirty_onion
    jobid: 15
    wildcards: name=dohoon

/home/lee/.env/lab/bin/python3.5 /mnt/c/Users/lee/Desktop/snakemake-hamburger/onion/buy/.snakemake.7yc0ucn5.wrapper.py
Finished job 15.
13 of 16 steps (81%) done

rule wash_onion:
    input: dohoon.dirty_onion
    output: dohoon.onion
    jobid: 12
    wildcards: name=dohoon

/home/lee/.env/lab/bin/python3.5 /mnt/c/Users/lee/Desktop/snakemake-hamburger/onion/wash/.snakemake.31sbzk0f.wrapper.py
Finished job 12.
14 of 16 steps (88%) done

rule roast_onion:
    input: dohoon.onion
    output: dohoon.roasted_onion
    jobid: 5
    wildcards: name=dohoon

/home/lee/.env/lab/bin/python3.5 /mnt/c/Users/lee/Desktop/snakemake-hamburger/onion/roast/.snakemake.fjp5_o_g.wrapper.py
Finished job 5.
15 of 16 steps (94%) done

rule make_hamburger:
    input: dohoon.warm_bun, dohoon.pickle, dohoon.tomato, dohoon.lettuce, dohoon.cheese, dohoon.roasted_onion, dohoon.patty
    output: dohoon.hamburger
    jobid: 0
    wildcards: name=dohoon

/home/lee/.env/lab/bin/python3.5 /mnt/c/Users/lee/Desktop/snakemake-hamburger/hamburger/make/.snakemake.dt5_62f7.wrapper.py
Finished job 0.
16 of 16 steps (100%) done
Complete log: /mnt/c/Users/lee/Desktop/snakemake-hamburger/.snakemake/log/2018-06-10T212831.752502.snakemake.log
