Building DAG of jobs...
Using shell: /bin/bash
Provided cores: 1
Rules claiming more threads will be scaled down.
Job counts:
	count	jobs
	1	buy_beef
	1	buy_bun
	1	buy_cheese
	1	buy_cucumber
	1	buy_lettuce
	1	buy_onion
	1	buy_tomato
	1	buy_vinegar
	1	make_hamburger
	1	make_patty
	1	make_vinegar
	1	roast_onion
	1	warm_bun
	1	wash_lettuce
	1	wash_onion
	1	wash_tomato
	16

rule buy_cucumber:
    output: bigmac.cucumber
    jobid: 13
    wildcards: name=bigmac

/home/lee/.env/lab/bin/python3.5 /mnt/c/Users/lee/Desktop/snakemake-hamburger/cucumber/buy/.snakemake.w1k6fk00.wrapper.py
Finished job 13.
1 of 16 steps (6%) done

rule buy_beef:
    output: bigmac.beef
    jobid: 9
    wildcards: name=bigmac

/home/lee/.env/lab/bin/python3.5 /mnt/c/Users/lee/Desktop/snakemake-hamburger/beef/buy/.snakemake.johwgwh4.wrapper.py
Finished job 9.
2 of 16 steps (12%) done

rule make_patty:
    input: bigmac.beef
    output: bigmac.patty
    jobid: 2
    wildcards: name=bigmac

/home/lee/.env/lab/bin/python3.5 /mnt/c/Users/lee/Desktop/snakemake-hamburger/patty/make/.snakemake.d05rdk7m.wrapper.py
Removing temporary output file bigmac.beef.
Finished job 2.
3 of 16 steps (19%) done

rule buy_vinegar:
    output: bigmac.vinegar
    jobid: 14
    wildcards: name=bigmac

/home/lee/.env/lab/bin/python3.5 /mnt/c/Users/lee/Desktop/snakemake-hamburger/vinegar/buy/.snakemake.7tiztdk2.wrapper.py
Finished job 14.
4 of 16 steps (25%) done

rule make_vinegar:
    input: bigmac.vinegar, bigmac.cucumber
    output: bigmac.pickle
    jobid: 7
    wildcards: name=bigmac

/home/lee/.env/lab/bin/python3.5 /mnt/c/Users/lee/Desktop/snakemake-hamburger/pickle/make/.snakemake.km4l028x.wrapper.py
Removing temporary output file bigmac.cucumber.
Removing temporary output file bigmac.vinegar.
Finished job 7.
5 of 16 steps (31%) done

rule buy_bun:
    output: bigmac.cold_bun
    jobid: 10
    wildcards: name=bigmac

/home/lee/.env/lab/bin/python3.5 /mnt/c/Users/lee/Desktop/snakemake-hamburger/bun/buy/.snakemake.spfs52y8.wrapper.py
Finished job 10.
6 of 16 steps (38%) done

rule warm_bun:
    input: bigmac.cold_bun
    output: bigmac.warm_bun
    jobid: 3
    wildcards: name=bigmac

/home/lee/.env/lab/bin/python3.5 /mnt/c/Users/lee/Desktop/snakemake-hamburger/bun/warm/.snakemake.rruyi_ii.wrapper.py
Removing temporary output file bigmac.cold_bun.
Finished job 3.
7 of 16 steps (44%) done

rule buy_onion:
    output: bigmac.dirty_onion
    jobid: 15
    wildcards: name=bigmac

/home/lee/.env/lab/bin/python3.5 /mnt/c/Users/lee/Desktop/snakemake-hamburger/onion/buy/.snakemake.ytbmht8i.wrapper.py
Finished job 15.
8 of 16 steps (50%) done

rule wash_onion:
    input: bigmac.dirty_onion
    output: bigmac.onion
    jobid: 8
    wildcards: name=bigmac

/home/lee/.env/lab/bin/python3.5 /mnt/c/Users/lee/Desktop/snakemake-hamburger/onion/wash/.snakemake.lz08y898.wrapper.py
Removing temporary output file bigmac.dirty_onion.
Finished job 8.
9 of 16 steps (56%) done

rule roast_onion:
    input: bigmac.onion
    output: bigmac.roasted_onion
    jobid: 1
    wildcards: name=bigmac

/home/lee/.env/lab/bin/python3.5 /mnt/c/Users/lee/Desktop/snakemake-hamburger/onion/roast/.snakemake.dcrad8k5.wrapper.py
Removing temporary output file bigmac.onion.
Finished job 1.
10 of 16 steps (62%) done

rule buy_lettuce:
    output: bigmac.dirty_lettuce
    jobid: 12
    wildcards: name=bigmac

/home/lee/.env/lab/bin/python3.5 /mnt/c/Users/lee/Desktop/snakemake-hamburger/lettuce/buy/.snakemake.4tsb3ifx.wrapper.py
Finished job 12.
11 of 16 steps (69%) done

rule wash_lettuce:
    input: bigmac.dirty_lettuce
    output: bigmac.lettuce
    jobid: 6
    wildcards: name=bigmac

/home/lee/.env/lab/bin/python3.5 /mnt/c/Users/lee/Desktop/snakemake-hamburger/lettuce/wash/.snakemake.ry4988w4.wrapper.py
Removing temporary output file bigmac.dirty_lettuce.
Finished job 6.
12 of 16 steps (75%) done

rule buy_cheese:
    output: bigmac.cheese
    jobid: 4
    wildcards: name=bigmac

/home/lee/.env/lab/bin/python3.5 /mnt/c/Users/lee/Desktop/snakemake-hamburger/cheese/buy/.snakemake.z960d4k0.wrapper.py
Finished job 4.
13 of 16 steps (81%) done

rule buy_tomato:
    output: bigmac.dirty_tomato
    jobid: 11
    wildcards: name=bigmac

/home/lee/.env/lab/bin/python3.5 /mnt/c/Users/lee/Desktop/snakemake-hamburger/tomato/buy/.snakemake.6amghhbh.wrapper.py
Finished job 11.
14 of 16 steps (88%) done

rule wash_tomato:
    input: bigmac.dirty_tomato
    output: bigmac.tomato
    jobid: 5
    wildcards: name=bigmac

/home/lee/.env/lab/bin/python3.5 /mnt/c/Users/lee/Desktop/snakemake-hamburger/tomato/wash/.snakemake.t3s27mkb.wrapper.py
Removing temporary output file bigmac.dirty_tomato.
Finished job 5.
15 of 16 steps (94%) done

rule make_hamburger:
    input: bigmac.pickle, bigmac.lettuce, bigmac.roasted_onion, bigmac.warm_bun, bigmac.patty, bigmac.cheese, bigmac.tomato
    output: bigmac.hamburger
    jobid: 0
    wildcards: name=bigmac

/home/lee/.env/lab/bin/python3.5 /mnt/c/Users/lee/Desktop/snakemake-hamburger/hamburger/make/.snakemake.ee2v817d.wrapper.py
Removing temporary output file bigmac.roasted_onion.
Removing temporary output file bigmac.patty.
Removing temporary output file bigmac.warm_bun.
Removing temporary output file bigmac.cheese.
Removing temporary output file bigmac.tomato.
Removing temporary output file bigmac.lettuce.
Removing temporary output file bigmac.pickle.
Finished job 0.
16 of 16 steps (100%) done
Complete log: /mnt/c/Users/lee/Desktop/snakemake-hamburger/.snakemake/log/2018-06-11T174625.197264.snakemake.log
