Building DAG of jobs...
Using shell: /bin/bash
Provided cores: 1
Rules claiming more threads will be scaled down.
Job counts:
	count	jobs
	1	buy_lettuce
	1	buy_onion
	1	buy_tomato
	1	buy_vinegar
	1	make_hamburger
	1	make_pickle
	1	roast_onion
	1	wash_lettuce
	1	wash_onion
	1	wash_tomato
	10

rule buy_lettuce:
    output: dohoon.dirty_lettuce
    jobid: 8
    wildcards: name=dohoon

/home/lee/.env/lab/bin/python3.5 /mnt/c/Users/lee/Desktop/snakemake-hamburger/.snakemake/scripts/ubhcrzxc.wrapper.py
Finished job 8.
1 of 10 steps (10%) done

rule wash_lettuce:
    input: dohoon.dirty_lettuce
    output: dohoon.lettuce
    jobid: 1
    wildcards: name=dohoon

/home/lee/.env/lab/bin/python3.5 /mnt/c/Users/lee/Desktop/snakemake-hamburger/.snakemake/scripts/yelkcl6b.wrapper.py
Removing temporary output file dohoon.dirty_lettuce.
Finished job 1.
2 of 10 steps (20%) done

rule buy_onion:
    output: dohoon.dirty_onion
    jobid: 15
    wildcards: name=dohoon

/home/lee/.env/lab/bin/python3.5 /mnt/c/Users/lee/Desktop/snakemake-hamburger/.snakemake/scripts/5w_u104j.wrapper.py
Finished job 15.
3 of 10 steps (30%) done

rule wash_onion:
    input: dohoon.dirty_onion
    output: dohoon.onion
    jobid: 11
    wildcards: name=dohoon

/home/lee/.env/lab/bin/python3.5 /mnt/c/Users/lee/Desktop/snakemake-hamburger/.snakemake/scripts/0t5ttlc7.wrapper.py
Removing temporary output file dohoon.dirty_onion.
Finished job 11.
4 of 10 steps (40%) done

rule roast_onion:
    input: dohoon.onion
    output: dohoon.roasted_onion
    jobid: 4
    wildcards: name=dohoon

/home/lee/.env/lab/bin/python3.5 /mnt/c/Users/lee/Desktop/snakemake-hamburger/.snakemake/scripts/iqm1jhb1.wrapper.py
Removing temporary output file dohoon.onion.
Finished job 4.
5 of 10 steps (50%) done

rule buy_vinegar:
    output: dohoon.vinegar
    jobid: 13
    wildcards: name=dohoon

/home/lee/.env/lab/bin/python3.5 /mnt/c/Users/lee/Desktop/snakemake-hamburger/.snakemake/scripts/z_5avg52.wrapper.py
Finished job 13.
6 of 10 steps (60%) done

rule make_pickle:
    input: dohoon.vinegar, dohoon.cucumber
    output: dohoon.pickle
    jobid: 6
    wildcards: name=dohoon

/home/lee/.env/lab/bin/python3.5 /mnt/c/Users/lee/Desktop/snakemake-hamburger/.snakemake/scripts/eavhnd48.wrapper.py
Removing temporary output file dohoon.vinegar.
Removing temporary output file dohoon.cucumber.
Finished job 6.
7 of 10 steps (70%) done

rule buy_tomato:
    output: dohoon.dirty_tomato
    jobid: 12
    wildcards: name=dohoon

/home/lee/.env/lab/bin/python3.5 /mnt/c/Users/lee/Desktop/snakemake-hamburger/.snakemake/scripts/8st8wvn1.wrapper.py
Finished job 12.
8 of 10 steps (80%) done

rule wash_tomato:
    input: dohoon.dirty_tomato
    output: dohoon.tomato
    jobid: 5
    wildcards: name=dohoon

/home/lee/.env/lab/bin/python3.5 /mnt/c/Users/lee/Desktop/snakemake-hamburger/.snakemake/scripts/d8axedqv.wrapper.py
Removing temporary output file dohoon.dirty_tomato.
Finished job 5.
9 of 10 steps (90%) done

rule make_hamburger:
    input: dohoon.roasted_onion, dohoon.tomato, dohoon.pickle, dohoon.cheese, dohoon.patty, dohoon.warm_bun, dohoon.lettuce
    output: dohoon.hamburger
    jobid: 0
    wildcards: name=dohoon

/home/lee/.env/lab/bin/python3.5 /mnt/c/Users/lee/Desktop/snakemake-hamburger/.snakemake/scripts/3kj4t8yf.wrapper.py
Removing temporary output file dohoon.lettuce.
Removing temporary output file dohoon.patty.
Removing temporary output file dohoon.warm_bun.
Removing temporary output file dohoon.roasted_onion.
Removing temporary output file dohoon.tomato.
Removing temporary output file dohoon.pickle.
Removing temporary output file dohoon.cheese.
Finished job 0.
10 of 10 steps (100%) done
Complete log: /mnt/c/Users/lee/Desktop/snakemake-hamburger/.snakemake/log/2018-06-10T214925.300494.snakemake.log
