Building DAG of jobs...
Using shell: /bin/bash
Provided cores: 1
Rules claiming more threads will be scaled down.
Job counts:
	count	jobs
	1	buy_cucumber
	1	buy_vinegar
	1	make_vinegar
	3

rule buy_vinegar:
    output: dohoon.vinegar
    jobid: 1
    wildcards: name=dohoon

Finished job 1.
1 of 3 steps (33%) done

rule buy_cucumber:
    output: dohoon.cucumber
    jobid: 2
    wildcards: name=dohoon

Finished job 2.
2 of 3 steps (67%) done

rule make_vinegar:
    input: dohoon.cucumber, dohoon.vinegar
    output: dohoon.pickle
    jobid: 0
    wildcards: name=dohoon

Finished job 0.
3 of 3 steps (100%) done
Complete log: /mnt/c/Users/lee/Desktop/snakemake-hamburger/.snakemake/log/2018-06-10T180256.891729.snakemake.log
