Building DAG of jobs...
Using shell: /bin/bash
Provided cores: 1
Rules claiming more threads will be scaled down.
Job counts:
	count	jobs
	1	buy_beef
	1	buy_bun
	1	buy_cheese
	1	buy_cucumber
	1	buy_lettuce
	1	buy_onion
	1	buy_tomato
	1	buy_vinegar
	1	make_hamburger
	1	make_patty
	1	make_vinegar
	1	roast_onion
	1	warm_bun
	1	wash_lettuce
	1	wash_onion
	1	wash_tomato
	16

rule buy_onion:
    output: dohoon.dirty_onion
    jobid: 15
    wildcards: name=dohoon

/home/lee/.env/lab/bin/python3.5 /mnt/c/Users/lee/Desktop/snakemake-hamburger/onion/buy/.snakemake.ruwm4nfj.wrapper.py
Finished job 15.
1 of 16 steps (6%) done

rule wash_onion:
    input: dohoon.dirty_onion
    output: dohoon.onion
    jobid: 8
    wildcards: name=dohoon

/home/lee/.env/lab/bin/python3.5 /mnt/c/Users/lee/Desktop/snakemake-hamburger/onion/wash/.snakemake._u_ghkbx.wrapper.py
Removing temporary output file dohoon.dirty_onion.
Finished job 8.
2 of 16 steps (12%) done

rule roast_onion:
    input: dohoon.onion
    output: dohoon.roasted_onion
    jobid: 1
    wildcards: name=dohoon

/home/lee/.env/lab/bin/python3.5 /mnt/c/Users/lee/Desktop/snakemake-hamburger/onion/roast/.snakemake.u1fy1o8d.wrapper.py
Removing temporary output file dohoon.onion.
Finished job 1.
3 of 16 steps (19%) done

rule buy_cucumber:
    output: dohoon.cucumber
    jobid: 13
    wildcards: name=dohoon

/home/lee/.env/lab/bin/python3.5 /mnt/c/Users/lee/Desktop/snakemake-hamburger/cucumber/buy/.snakemake.f4jedi9y.wrapper.py
Finished job 13.
4 of 16 steps (25%) done

rule buy_cheese:
    output: dohoon.cheese
    jobid: 2
    wildcards: name=dohoon

/home/lee/.env/lab/bin/python3.5 /mnt/c/Users/lee/Desktop/snakemake-hamburger/cheese/buy/.snakemake.e2ax67fc.wrapper.py
Finished job 2.
5 of 16 steps (31%) done

rule buy_beef:
    output: dohoon.beef
    jobid: 10
    wildcards: name=dohoon

/home/lee/.env/lab/bin/python3.5 /mnt/c/Users/lee/Desktop/snakemake-hamburger/beef/buy/.snakemake.x_v6cxzx.wrapper.py
Finished job 10.
6 of 16 steps (38%) done

rule make_patty:
    input: dohoon.beef
    output: dohoon.patty
    jobid: 4
    wildcards: name=dohoon

/home/lee/.env/lab/bin/python3.5 /mnt/c/Users/lee/Desktop/snakemake-hamburger/patty/make/.snakemake.qd0jfzv1.wrapper.py
Removing temporary output file dohoon.beef.
Finished job 4.
7 of 16 steps (44%) done

rule buy_vinegar:
    output: dohoon.vinegar
    jobid: 14
    wildcards: name=dohoon

/home/lee/.env/lab/bin/python3.5 /mnt/c/Users/lee/Desktop/snakemake-hamburger/vinegar/buy/.snakemake.z1jsfu2r.wrapper.py
Finished job 14.
8 of 16 steps (50%) done

rule make_vinegar:
    input: dohoon.vinegar, dohoon.cucumber
    output: dohoon.pickle
    jobid: 7
    wildcards: name=dohoon

/home/lee/.env/lab/bin/python3.5 /mnt/c/Users/lee/Desktop/snakemake-hamburger/pickle/make/.snakemake.vq804tnz.wrapper.py
Removing temporary output file dohoon.cucumber.
Removing temporary output file dohoon.vinegar.
Finished job 7.
9 of 16 steps (56%) done

rule buy_tomato:
    output: dohoon.dirty_tomato
    jobid: 9
    wildcards: name=dohoon

/home/lee/.env/lab/bin/python3.5 /mnt/c/Users/lee/Desktop/snakemake-hamburger/tomato/buy/.snakemake.nyb4tmvk.wrapper.py
Finished job 9.
10 of 16 steps (62%) done

rule wash_tomato:
    input: dohoon.dirty_tomato
    output: dohoon.tomato
    jobid: 3
    wildcards: name=dohoon

/home/lee/.env/lab/bin/python3.5 /mnt/c/Users/lee/Desktop/snakemake-hamburger/tomato/wash/.snakemake.8j8ww0d4.wrapper.py
Removing temporary output file dohoon.dirty_tomato.
Finished job 3.
11 of 16 steps (69%) done

rule buy_lettuce:
    output: dohoon.dirty_lettuce
    jobid: 11
    wildcards: name=dohoon

/home/lee/.env/lab/bin/python3.5 /mnt/c/Users/lee/Desktop/snakemake-hamburger/lettuce/buy/.snakemake.p3fwzhbc.wrapper.py
Finished job 11.
12 of 16 steps (75%) done

rule wash_lettuce:
    input: dohoon.dirty_lettuce
    output: dohoon.lettuce
    jobid: 5
    wildcards: name=dohoon

/home/lee/.env/lab/bin/python3.5 /mnt/c/Users/lee/Desktop/snakemake-hamburger/lettuce/wash/.snakemake.ugd2glp9.wrapper.py
Removing temporary output file dohoon.dirty_lettuce.
Finished job 5.
13 of 16 steps (81%) done

rule buy_bun:
    output: dohoon.cold_bun
    jobid: 12
    wildcards: name=dohoon

/home/lee/.env/lab/bin/python3.5 /mnt/c/Users/lee/Desktop/snakemake-hamburger/bun/buy/.snakemake.rrxwwn5q.wrapper.py
Finished job 12.
14 of 16 steps (88%) done

rule warm_bun:
    input: dohoon.cold_bun
    output: dohoon.warm_bun
    jobid: 6
    wildcards: name=dohoon

/home/lee/.env/lab/bin/python3.5 /mnt/c/Users/lee/Desktop/snakemake-hamburger/bun/warm/.snakemake.s03wjnhe.wrapper.py
Removing temporary output file dohoon.cold_bun.
Finished job 6.
15 of 16 steps (94%) done

rule make_hamburger:
    input: dohoon.warm_bun, dohoon.cheese, dohoon.pickle, dohoon.tomato, dohoon.patty, dohoon.lettuce, dohoon.roasted_onion
    output: dohoon.hamburger
    jobid: 0
    wildcards: name=dohoon

/home/lee/.env/lab/bin/python3.5 /mnt/c/Users/lee/Desktop/snakemake-hamburger/.snakemake/scripts/fgihsc28.wrapper.py
Removing temporary output file dohoon.roasted_onion.
Removing temporary output file dohoon.cheese.
Removing temporary output file dohoon.tomato.
Removing temporary output file dohoon.patty.
Removing temporary output file dohoon.lettuce.
Removing temporary output file dohoon.warm_bun.
Removing temporary output file dohoon.pickle.
Finished job 0.
16 of 16 steps (100%) done
Complete log: /mnt/c/Users/lee/Desktop/snakemake-hamburger/.snakemake/log/2018-06-10T214401.032548.snakemake.log
