Building DAG of jobs...
Using shell: /bin/bash
Provided cores: 1
Rules claiming more threads will be scaled down.
Job counts:
	count	jobs
	1	buy_beef
	1	buy_bun
	1	buy_cheese
	1	buy_cucumber
	1	buy_lettuce
	1	buy_onion
	1	buy_tomato
	1	buy_vinegar
	1	make_hamburger
	1	make_patty
	1	make_vinegar
	1	roast_onion
	1	warm_bun
	1	wash_lettuce
	1	wash_onion
	1	wash_tomato
	16

rule buy_onion:
    output: dohoon.dirty_onion
    jobid: 15
    wildcards: name=dohoon

/home/lee/.env/lab/bin/python3.5 /mnt/c/Users/lee/Desktop/snakemake-hamburger/onion/buy/.snakemake.jrcpf9fl.wrapper.py
Finished job 15.
1 of 16 steps (6%) done

rule wash_onion:
    input: dohoon.dirty_onion
    output: dohoon.onion
    jobid: 12
    wildcards: name=dohoon

/home/lee/.env/lab/bin/python3.5 /mnt/c/Users/lee/Desktop/snakemake-hamburger/onion/wash/.snakemake.8lp8kpq7.wrapper.py
Removing temporary output file dohoon.dirty_onion.
Finished job 12.
2 of 16 steps (12%) done

rule roast_onion:
    input: dohoon.onion
    output: dohoon.roasted_onion
    jobid: 4
    wildcards: name=dohoon

/home/lee/.env/lab/bin/python3.5 /mnt/c/Users/lee/Desktop/snakemake-hamburger/onion/roast/.snakemake._4c43j1e.wrapper.py
Removing temporary output file dohoon.onion.
Finished job 4.
3 of 16 steps (19%) done

rule buy_bun:
    output: dohoon.cold_bun
    jobid: 8
    wildcards: name=dohoon

/home/lee/.env/lab/bin/python3.5 /mnt/c/Users/lee/Desktop/snakemake-hamburger/bun/buy/.snakemake.h1vnpb3r.wrapper.py
Finished job 8.
4 of 16 steps (25%) done

rule warm_bun:
    input: dohoon.cold_bun
    output: dohoon.warm_bun
    jobid: 1
    wildcards: name=dohoon

/home/lee/.env/lab/bin/python3.5 /mnt/c/Users/lee/Desktop/snakemake-hamburger/bun/warm/.snakemake.phmzqycy.wrapper.py
Removing temporary output file dohoon.cold_bun.
Finished job 1.
5 of 16 steps (31%) done

rule buy_cucumber:
    output: dohoon.cucumber
    jobid: 10
    wildcards: name=dohoon

/home/lee/.env/lab/bin/python3.5 /mnt/c/Users/lee/Desktop/snakemake-hamburger/cucumber/buy/.snakemake.yge390am.wrapper.py
Finished job 10.
6 of 16 steps (38%) done

rule buy_cheese:
    output: dohoon.cheese
    jobid: 7
    wildcards: name=dohoon

/home/lee/.env/lab/bin/python3.5 /mnt/c/Users/lee/Desktop/snakemake-hamburger/cheese/buy/.snakemake.7r8cr4em.wrapper.py
Finished job 7.
7 of 16 steps (44%) done

rule buy_beef:
    output: dohoon.beef
    jobid: 13
    wildcards: name=dohoon

/home/lee/.env/lab/bin/python3.5 /mnt/c/Users/lee/Desktop/snakemake-hamburger/beef/buy/.snakemake.vvj93ts7.wrapper.py
Finished job 13.
8 of 16 steps (50%) done

rule make_patty:
    input: dohoon.beef
    output: dohoon.patty
    jobid: 5
    wildcards: name=dohoon

/home/lee/.env/lab/bin/python3.5 /mnt/c/Users/lee/Desktop/snakemake-hamburger/patty/make/.snakemake.vvt5gv5e.wrapper.py
Removing temporary output file dohoon.beef.
Finished job 5.
9 of 16 steps (56%) done

rule buy_lettuce:
    output: dohoon.dirty_lettuce
    jobid: 14
    wildcards: name=dohoon

/home/lee/.env/lab/bin/python3.5 /mnt/c/Users/lee/Desktop/snakemake-hamburger/lettuce/buy/.snakemake.md6hmykl.wrapper.py
Finished job 14.
10 of 16 steps (62%) done

rule wash_lettuce:
    input: dohoon.dirty_lettuce
    output: dohoon.lettuce
    jobid: 6
    wildcards: name=dohoon

/home/lee/.env/lab/bin/python3.5 /mnt/c/Users/lee/Desktop/snakemake-hamburger/lettuce/wash/.snakemake.ziq9ae9m.wrapper.py
Removing temporary output file dohoon.dirty_lettuce.
Finished job 6.
11 of 16 steps (69%) done

rule buy_tomato:
    output: dohoon.dirty_tomato
    jobid: 9
    wildcards: name=dohoon

/home/lee/.env/lab/bin/python3.5 /mnt/c/Users/lee/Desktop/snakemake-hamburger/tomato/buy/.snakemake.45d4czoa.wrapper.py
Finished job 9.
12 of 16 steps (75%) done

rule wash_tomato:
    input: dohoon.dirty_tomato
    output: dohoon.tomato
    jobid: 2
    wildcards: name=dohoon

/home/lee/.env/lab/bin/python3.5 /mnt/c/Users/lee/Desktop/snakemake-hamburger/tomato/wash/.snakemake.j0cxnkif.wrapper.py
Removing temporary output file dohoon.dirty_tomato.
Finished job 2.
13 of 16 steps (81%) done

rule buy_vinegar:
    output: dohoon.vinegar
    jobid: 11
    wildcards: name=dohoon

/home/lee/.env/lab/bin/python3.5 /mnt/c/Users/lee/Desktop/snakemake-hamburger/vinegar/buy/.snakemake.bgrbtnmw.wrapper.py
Finished job 11.
14 of 16 steps (88%) done

rule make_vinegar:
    input: dohoon.cucumber, dohoon.vinegar
    output: dohoon.pickle
    jobid: 3
    wildcards: name=dohoon

/home/lee/.env/lab/bin/python3.5 /mnt/c/Users/lee/Desktop/snakemake-hamburger/pickle/make/.snakemake.k04tp4uo.wrapper.py
Removing temporary output file dohoon.cucumber.
Removing temporary output file dohoon.vinegar.
Finished job 3.
15 of 16 steps (94%) done

rule make_hamburger:
    input: dohoon.cheese, dohoon.roasted_onion, dohoon.patty, dohoon.lettuce, dohoon.pickle, dohoon.tomato, dohoon.warm_bun
    output: dohoon.hamburger
    jobid: 0
    wildcards: name=dohoon

/home/lee/.env/lab/bin/python3.5 /mnt/c/Users/lee/Desktop/snakemake-hamburger/hamburger/make/.snakemake.jlhscjqi.wrapper.py
Removing temporary output file dohoon.warm_bun.
Removing temporary output file dohoon.tomato.
Removing temporary output file dohoon.pickle.
Removing temporary output file dohoon.roasted_onion.
Removing temporary output file dohoon.patty.
Removing temporary output file dohoon.lettuce.
Removing temporary output file dohoon.cheese.
Finished job 0.
16 of 16 steps (100%) done
Complete log: /mnt/c/Users/lee/Desktop/snakemake-hamburger/.snakemake/log/2018-06-10T214806.457070.snakemake.log
